{"/Users/jeroentheunissen/Documents/100 day's of vue/vue/job-board/src/components/ActionButton.vue": {"path":"/Users/jeroentheunissen/Documents/100 day's of vue/vue/job-board/src/components/ActionButton.vue","statementMap":{"0":{"start":{"line":8,"column":15},"end":{"line":8,"column":null}},"1":{"start":{"line":20,"column":8},"end":{"line":20,"column":15}},"2":{"start":{"line":27,"column":6},"end":{"line":27,"column":13}}},"fnMap":{"0":{"name":"(anonymous_0)","decl":{"start":{"line":19,"column":6},"end":{"line":19,"column":15}},"loc":{"start":{"line":19,"column":23},"end":{"line":21,"column":null}}},"1":{"name":"(anonymous_1)","decl":{"start":{"line":26,"column":4},"end":{"line":26,"column":15}},"loc":{"start":{"line":26,"column":18},"end":{"line":30,"column":null}}}},"branchMap":{},"s":{"0":2,"1":6,"2":2},"f":{"0":6,"1":2},"b":{}}
,"/Users/jeroentheunissen/Documents/100 day's of vue/vue/job-board/src/components/ProfileImage.vue": {"path":"/Users/jeroentheunissen/Documents/100 day's of vue/vue/job-board/src/components/ProfileImage.vue","statementMap":{"0":{"start":{"line":10,"column":15},"end":{"line":10,"column":null}},"1":{"start":{"line":13,"column":4},"end":{"line":13,"column":11}}},"fnMap":{"0":{"name":"(anonymous_0)","decl":{"start":{"line":12,"column":2},"end":{"line":12,"column":6}},"loc":{"start":{"line":12,"column":9},"end":{"line":17,"column":null}}}},"branchMap":{},"s":{"0":2,"1":1},"f":{"0":1},"b":{}}
,"/Users/jeroentheunissen/Documents/100 day's of vue/vue/job-board/src/components/Subnav.vue": {"path":"/Users/jeroentheunissen/Documents/100 day's of vue/vue/job-board/src/components/Subnav.vue","statementMap":{"0":{"start":{"line":12,"column":15},"end":{"line":12,"column":null}},"1":{"start":{"line":15,"column":4},"end":{"line":15,"column":11}}},"fnMap":{"0":{"name":"(anonymous_0)","decl":{"start":{"line":14,"column":2},"end":{"line":14,"column":6}},"loc":{"start":{"line":14,"column":9},"end":{"line":18,"column":null}}}},"branchMap":{},"s":{"0":2,"1":2},"f":{"0":2},"b":{}}
}
